[debug] [2018-10-28T09:49:52.271Z] ----------------------------------------------------------------------
[debug] [2018-10-28T09:49:52.275Z] Command:       C:\Program Files\nodejs\node.exe C:\Users\STD\AppData\Roaming\npm\node_modules\firebase-tools\bin\firebase serve
[debug] [2018-10-28T09:49:52.275Z] CLI Version:   4.2.1
[debug] [2018-10-28T09:49:52.275Z] Platform:      win32
[debug] [2018-10-28T09:49:52.275Z] Node Version:  v8.11.3
[debug] [2018-10-28T09:49:52.276Z] Time:          Sun Oct 28 2018 16:49:52 GMT+0700 (SE Asia Standard Time)
[debug] [2018-10-28T09:49:52.276Z] ----------------------------------------------------------------------
[debug] 
[debug] [2018-10-28T09:49:52.311Z] > command requires scopes: ["email","openid","https://www.googleapis.com/auth/cloudplatformprojects.readonly","https://www.googleapis.com/auth/firebase","https://www.googleapis.com/auth/cloud-platform"]
[debug] [2018-10-28T09:49:52.312Z] > authorizing via signed-in user
[debug] [2018-10-28T09:49:52.315Z] > refreshing access token with scopes: ["email","https://www.googleapis.com/auth/cloud-platform","https://www.googleapis.com/auth/cloudplatformprojects.readonly","https://www.googleapis.com/auth/firebase","openid"]
[debug] [2018-10-28T09:49:52.315Z] >>> HTTP REQUEST POST https://www.googleapis.com/oauth2/v3/token  

[debug] [2018-10-28T09:49:52.622Z] <<< HTTP RESPONSE 200
[debug] [2018-10-28T09:49:52.722Z] >>> HTTP REQUEST GET https://admin.firebase.com/v1/projects/shopee-8710c  
 
[debug] [2018-10-28T09:49:53.894Z] <<< HTTP RESPONSE 200
[debug] [2018-10-28T09:49:53.895Z] >>> HTTP REQUEST GET https://cloudresourcemanager.googleapis.com/v1/projects/shopee-8710c  
 
[debug] [2018-10-28T09:49:55.289Z] <<< HTTP RESPONSE 200
[info] 
[info] === Serving from 'D:\977-341\Quiz1'...
[info] 
[debug] [2018-10-28T09:49:55.293Z] >>> HTTP REQUEST GET https://mobilesdk-pa.googleapis.com/v1/projects/708925055871/clients/_:getWebAppConfig  
 
[debug] [2018-10-28T09:49:55.882Z] <<< HTTP RESPONSE 200
[info] i  hosting[shopee-8710c]: Serving hosting files from: public
[info] +  hosting[shopee-8710c]: Local server: http://localhost:5000
